[2019-08-23 11:32:58] START
[2019-08-23 11:33:17] CREATE shots.py: 0
[2019-08-23 11:33:37] CREATE shots/status.html: 0
[2019-08-23 11:37:31] EDIT Shots_Manager/models/db.py: 8
[2019-08-23 11:44:29] EDIT Shots_Manager/models/db.py: 0
[2019-08-23 11:45:01] EDIT Shots_Manager/models/db.py: 0
[2019-08-23 11:45:49] EDIT Shots_Manager/models/db.py: 0
[2019-08-23 11:49:31] EDIT Shots_Manager/models/db.py: 0
[2019-08-23 11:50:51] EDIT Shots_Manager/models/db.py: 0
[2019-08-23 11:51:40] EDIT Shots_Manager/models/db.py: 0
[2019-08-23 11:51:56] EDIT Shots_Manager/models/db.py: 0
[2019-08-23 11:55:29] EDIT Shots_Manager/models/db.py: 0
[2019-08-23 12:25:23] EDIT Shots_Manager/controllers/shots.py: 14
[2019-08-23 12:25:33] EDIT Shots_Manager/controllers/shots.py: 0
[2019-08-23 12:26:16] EDIT Shots_Manager/views/shots/status.html: 0
[2019-08-23 12:26:37] EDIT Shots_Manager/views/shots/status.html: 0
[2019-08-23 12:28:24] EDIT Shots_Manager/views/shots/status.html: 0
[2019-08-23 12:39:21] EDIT Shots_Manager/views/shots/status.html: 7
[2019-08-23 12:39:44] EDIT Shots_Manager/views/shots/status.html: 0
[2019-08-23 12:44:11] EDIT Shots_Manager/controllers/shots.py: 4
[2019-08-23 12:46:11] EDIT Shots_Manager/views/shots/status.html: -1
[2019-08-23 12:49:20] EDIT Shots_Manager/views/shots/status.html: 0
[2019-08-23 12:57:07] EDIT Shots_Manager/views/shots/status.html: 1
[2019-08-23 12:57:32] EDIT Shots_Manager/views/shots/status.html: 0
[2019-08-23 12:58:14] EDIT Shots_Manager/views/shots/status.html: 0
[2019-08-23 12:58:46] EDIT Shots_Manager/views/shots/status.html: 0
[2019-08-23 12:59:26] EDIT Shots_Manager/views/shots/status.html: 1
[2019-08-23 13:01:02] EDIT Shots_Manager/controllers/shots.py: 0
[2019-08-23 13:02:12] EDIT Shots_Manager/controllers/shots.py: 1
[2019-08-23 13:07:29] EDIT Shots_Manager/controllers/shots.py: 0
[2019-08-23 13:08:06] EDIT Shots_Manager/views/shots/status.html: -1
[2019-08-23 13:08:46] EDIT Shots_Manager/views/shots/status.html: 0
[2019-08-23 13:10:14] EDIT Shots_Manager/views/shots/status.html: 40
[2019-08-23 13:10:35] EDIT Shots_Manager/views/shots/status.html: 0
[2019-08-23 13:13:46] EDIT Shots_Manager/views/shots/status.html: 1
[2019-08-23 13:13:59] EDIT Shots_Manager/views/shots/status.html: 0
[2019-08-23 13:15:19] EDIT Shots_Manager/controllers/shots.py: -1
[2019-08-23 13:16:12] EDIT Shots_Manager/views/shots/status.html: 0
[2019-08-23 13:18:56] EDIT Shots_Manager/controllers/shots.py: 0
[2019-08-23 13:20:37] EDIT Shots_Manager/views/shots/status.html: 0
[2019-08-23 13:21:02] EDIT Shots_Manager/views/shots/status.html: 0
[2019-08-23 13:23:48] EDIT Shots_Manager/controllers/shots.py: 0
[2019-08-23 13:24:50] EDIT Shots_Manager/controllers/shots.py: 0
[2019-08-23 13:25:27] EDIT Shots_Manager/controllers/shots.py: 0
[2019-08-23 13:25:52] EDIT Shots_Manager/controllers/shots.py: 0
[2019-08-23 13:27:29] EDIT Shots_Manager/controllers/shots.py: 1
[2019-08-23 13:30:11] EDIT Shots_Manager/controllers/shots.py: 0
[2019-08-23 13:30:34] EDIT Shots_Manager/views/shots/status.html: 0
[2019-08-23 13:31:24] EDIT Shots_Manager/views/shots/status.html: 0
[2019-08-23 13:32:28] EDIT Shots_Manager/views/shots/status.html: 0
[2019-08-23 13:32:48] EDIT Shots_Manager/views/shots/status.html: 0
[2019-08-23 13:33:17] EDIT Shots_Manager/views/shots/status.html: 0
[2019-08-23 13:33:33] EDIT Shots_Manager/views/shots/status.html: 0
[2019-08-23 13:34:01] EDIT Shots_Manager/views/shots/status.html: -1
[2019-08-23 13:54:27] EDIT Shots_Manager/views/shots/status.html: 2
[2019-08-23 13:55:40] EDIT Shots_Manager/views/shots/status.html: 0
[2019-08-23 14:01:37] EDIT Shots_Manager/views/shots/status.html: 30
[2019-08-23 14:04:33] EDIT Shots_Manager/controllers/shots.py: 1
[2019-08-23 14:05:16] EDIT Shots_Manager/views/shots/status.html: 1
[2019-08-23 14:08:12] EDIT Shots_Manager/views/shots/status.html: -2
[2019-08-23 14:09:02] EDIT Shots_Manager/views/shots/status.html: 5
[2019-08-23 14:10:03] EDIT Shots_Manager/views/shots/status.html: 5
[2019-08-23 14:10:43] EDIT Shots_Manager/controllers/shots.py: 0
[2019-08-23 14:14:41] EDIT Shots_Manager/models/db.py: 2
[2019-08-23 14:16:28] EDIT Shots_Manager/controllers/shots.py: 1
[2019-08-23 14:17:55] EDIT Shots_Manager/controllers/shots.py: -1
[2019-08-23 14:18:57] EDIT Shots_Manager/models/db.py: 0
[2019-08-23 14:20:40] EDIT Shots_Manager/views/shots/status.html: 4
[2019-08-23 14:21:49] EDIT Shots_Manager/views/shots/status.html: 0
[2019-08-23 14:23:44] EDIT Shots_Manager/views/shots/status.html: 2
[2019-08-23 14:24:04] EDIT Shots_Manager/views/shots/status.html: 0
[2019-08-23 14:25:16] EDIT Shots_Manager/controllers/shots.py: 0
[2019-08-23 14:26:02] EDIT Shots_Manager/views/shots/status.html: 0
[2019-08-23 14:31:20] EDIT Shots_Manager/controllers/shots.py: 0
[2019-08-23 14:33:36] EDIT Shots_Manager/views/shots/status.html: 1
[2019-08-23 14:36:56] EDIT Shots_Manager/views/shots/status.html: 6
[2019-08-23 14:38:08] EDIT Shots_Manager/views/shots/status.html: 0
[2019-08-23 14:38:50] EDIT Shots_Manager/views/shots/status.html: -2
[2019-08-23 14:41:10] EDIT Shots_Manager/views/shots/status.html: 3
[2019-08-23 14:41:44] EDIT Shots_Manager/views/shots/status.html: -2
[2019-08-23 14:47:51] EDIT Shots_Manager/controllers/shots.py: 5
[2019-08-23 14:48:11] EDIT Shots_Manager/controllers/shots.py: 0
[2019-08-23 14:50:53] EDIT Shots_Manager/views/shots/status.html: 0
[2019-08-23 14:53:44] EDIT Shots_Manager/controllers/shots.py: 2
[2019-08-23 14:55:54] EDIT Shots_Manager/controllers/shots.py: 1
[2019-08-23 14:56:21] EDIT Shots_Manager/views/shots/status.html: 0
[2019-08-23 14:57:21] EDIT Shots_Manager/controllers/shots.py: 0
[2019-08-23 14:57:58] EDIT Shots_Manager/controllers/shots.py: -1
[2019-08-23 15:01:00] EDIT Shots_Manager/controllers/shots.py: 1
[2019-08-23 15:02:46] EDIT Shots_Manager/controllers/shots.py: -6
[2019-08-23 15:16:04] EDIT Shots_Manager/controllers/shots.py: 0
[2019-08-23 15:20:02] EDIT Shots_Manager/controllers/shots.py: 2
[2019-08-23 15:26:05] EDIT Shots_Manager/controllers/shots.py: 0
[2019-08-23 15:28:48] EDIT Shots_Manager/controllers/shots.py: 2
[2019-08-23 15:29:05] EDIT Shots_Manager/controllers/shots.py: 0
[2019-08-23 15:29:22] EDIT Shots_Manager/controllers/shots.py: 0
[2019-08-23 15:29:32] EDIT Shots_Manager/controllers/shots.py: 0
[2019-08-23 15:31:00] EDIT Shots_Manager/controllers/shots.py: -2
[2019-08-23 15:32:55] EDIT Shots_Manager/controllers/shots.py: 0
[2019-08-23 15:33:54] EDIT Shots_Manager/controllers/shots.py: 1
[2019-08-23 15:36:54] EDIT Shots_Manager/controllers/shots.py: -2
[2019-08-23 15:38:33] EDIT Shots_Manager/controllers/shots.py: 2
[2019-08-23 15:38:43] EDIT Shots_Manager/views/shots/status.html: 0
[2019-08-23 15:46:56] EDIT Shots_Manager/controllers/shots.py: 2
[2019-08-23 15:48:59] EDIT Shots_Manager/controllers/shots.py: -1
[2019-08-23 15:49:14] EDIT Shots_Manager/controllers/shots.py: 0
[2019-08-23 15:49:57] EDIT Shots_Manager/controllers/shots.py: 0
[2019-08-23 15:50:03] EDIT Shots_Manager/controllers/shots.py: 0
[2019-08-23 15:51:08] EDIT Shots_Manager/controllers/shots.py: -1
[2019-08-23 15:51:44] EDIT Shots_Manager/controllers/shots.py: 1
[2019-08-23 15:53:05] EDIT Shots_Manager/controllers/shots.py: -1
[2019-08-23 15:54:46] EDIT Shots_Manager/controllers/shots.py: -1
[2019-08-23 15:56:56] EDIT Shots_Manager/controllers/shots.py: 0
[2019-08-23 15:57:02] EDIT Shots_Manager/views/shots/status.html: 0
[2019-08-23 15:58:05] EDIT Shots_Manager/controllers/shots.py: 1
[2019-08-23 15:58:14] EDIT Shots_Manager/controllers/shots.py: 0
[2019-08-23 15:59:06] EDIT Shots_Manager/controllers/shots.py: -1
[2019-08-23 16:00:25] EDIT Shots_Manager/controllers/shots.py: 0
[2019-08-23 16:09:19] EDIT Shots_Manager/controllers/shots.py: 1
[2019-08-23 16:09:28] EDIT Shots_Manager/controllers/shots.py: 0
[2019-08-23 16:11:10] EDIT Shots_Manager/views/shots/status.html: 0
[2019-08-23 16:12:40] EDIT Shots_Manager/views/shots/status.html: 1
[2019-08-23 16:13:42] EDIT Shots_Manager/views/shots/status.html: -1
[2019-08-23 16:14:58] EDIT Shots_Manager/views/shots/status.html: 0
[2019-08-23 16:18:08] EDIT Shots_Manager/views/shots/status.html: 0
[2019-08-23 16:21:41] EDIT Shots_Manager/views/shots/status.html: 0
[2019-08-23 16:22:25] EDIT Shots_Manager/views/shots/status.html: 0
[2019-08-23 16:29:03] EDIT Shots_Manager/views/shots/status.html: 0
[2019-08-23 16:32:17] EDIT Shots_Manager/views/shots/status.html: 0
[2019-08-23 16:33:51] EDIT Shots_Manager/controllers/shots.py: 0
[2019-08-23 16:36:16] EDIT Shots_Manager/views/shots/status.html: 0
[2019-08-23 16:38:01] EDIT Shots_Manager/views/shots/status.html: 0
[2019-08-23 16:41:19] EDIT Shots_Manager/views/shots/status.html: 0
[2019-08-23 16:42:34] EDIT Shots_Manager/views/shots/status.html: 0
[2019-08-23 16:47:05] EDIT Shots_Manager/views/shots/status.html: 7
[2019-08-23 16:47:14] EDIT Shots_Manager/controllers/shots.py: -2
[2019-08-23 16:47:28] EDIT Shots_Manager/views/shots/status.html: 0
[2019-08-23 16:51:06] EDIT Shots_Manager/controllers/shots.py: 2
[2019-08-23 16:51:30] EDIT Shots_Manager/views/shots/status.html: -7
[2019-08-23 16:52:01] EDIT Shots_Manager/views/shots/status.html: 0
[2019-08-23 17:03:25] EDIT Shots_Manager/views/shots/status.html: 0
[2019-08-23 17:05:39] EDIT Shots_Manager/views/shots/status.html: 21
[2019-08-23 17:06:42] EDIT Shots_Manager/views/shots/status.html: 0
[2019-08-23 17:08:02] EDIT Shots_Manager/views/shots/status.html: -30
[2019-08-23 17:08:23] EDIT Shots_Manager/views/shots/status.html: 5
[2019-08-23 17:08:47] EDIT Shots_Manager/views/shots/status.html: 20
[2019-08-23 17:08:58] EDIT Shots_Manager/views/shots/status.html: -5
[2019-08-23 17:09:10] EDIT Shots_Manager/views/shots/status.html: -5
[2019-08-23 17:09:27] EDIT Shots_Manager/views/shots/status.html: 15
[2019-08-23 17:25:47] EDIT Shots_Manager/views/shots/status.html: 0
[2019-08-23 17:31:26] EDIT Shots_Manager/views/shots/status.html: 1
[2019-08-23 17:31:45] EDIT Shots_Manager/views/shots/status.html: 0
[2019-08-23 17:31:54] EDIT Shots_Manager/views/shots/status.html: 0
[2019-08-23 17:33:45] EDIT Shots_Manager/views/shots/status.html: 0
[2019-08-23 17:36:04] EDIT Shots_Manager/views/shots/status.html: 0
[2019-08-23 17:36:32] EDIT Shots_Manager/views/shots/status.html: 1
[2019-08-23 17:38:01] EDIT Shots_Manager/views/shots/status.html: 4
[2019-08-23 17:39:48] EDIT Shots_Manager/views/shots/status.html: 3
[2019-08-23 17:41:02] EDIT Shots_Manager/views/shots/status.html: 0
[2019-08-23 17:41:45] EDIT Shots_Manager/views/shots/status.html: 0
[2019-08-23 17:41:58] EDIT Shots_Manager/views/shots/status.html: 0
[2019-08-23 17:42:15] EDIT Shots_Manager/views/shots/status.html: 0
[2019-08-23 17:43:38] EDIT Shots_Manager/views/shots/status.html: 0
[2019-08-23 17:43:55] EDIT Shots_Manager/views/shots/status.html: 0
[2019-08-23 17:46:19] EDIT Shots_Manager/views/shots/status.html: 0
[2019-08-23 17:46:49] EDIT Shots_Manager/views/shots/status.html: 0
[2019-08-23 17:48:02] EDIT Shots_Manager/views/shots/status.html: 0
[2019-08-23 17:48:43] EDIT Shots_Manager/views/shots/status.html: 0
[2019-08-23 17:49:08] EDIT Shots_Manager/views/shots/status.html: 0
[2019-08-23 17:52:52] EDIT Shots_Manager/views/shots/status.html: 0
[2019-08-23 17:53:29] EDIT Shots_Manager/views/shots/status.html: 0
[2019-08-23 17:55:51] EDIT Shots_Manager/views/shots/status.html: 1
[2019-08-23 19:16:53] EDIT Shots_Manager/views/shots/status.html: 8
[2019-08-23 19:18:21] EDIT Shots_Manager/views/shots/status.html: 0
[2019-08-23 19:18:43] EDIT Shots_Manager/views/shots/status.html: 0
[2019-08-23 19:19:27] EDIT Shots_Manager/views/shots/status.html: 2
[2019-08-23 19:20:24] EDIT Shots_Manager/views/shots/status.html: 0
[2019-08-23 19:21:08] EDIT Shots_Manager/views/shots/status.html: -4
[2019-08-23 19:22:06] EDIT Shots_Manager/views/shots/status.html: 1
[2019-08-23 19:22:57] EDIT Shots_Manager/views/shots/status.html: 1
[2019-08-23 19:23:18] EDIT Shots_Manager/views/shots/status.html: 0
[2019-08-23 19:24:15] EDIT Shots_Manager/views/shots/status.html: -1
[2019-08-23 19:25:38] EDIT Shots_Manager/views/shots/status.html: 0
[2019-08-23 19:26:43] EDIT Shots_Manager/views/shots/status.html: 0
[2019-08-23 19:27:41] EDIT Shots_Manager/views/shots/status.html: 0
[2019-08-23 19:28:00] EDIT Shots_Manager/views/shots/status.html: 0
[2019-08-23 19:28:35] EDIT Shots_Manager/views/shots/status.html: 0
[2019-08-23 19:28:51] EDIT Shots_Manager/views/shots/status.html: 0
[2019-08-23 19:29:14] EDIT Shots_Manager/views/shots/status.html: 0
[2019-08-23 19:29:58] EDIT Shots_Manager/views/shots/status.html: 0
[2019-08-23 19:30:12] EDIT Shots_Manager/views/shots/status.html: 0
[2019-08-23 19:31:17] EDIT Shots_Manager/views/shots/status.html: 0
[2019-08-23 19:31:42] EDIT Shots_Manager/views/shots/status.html: -3
[2019-08-23 19:31:59] EDIT Shots_Manager/views/shots/status.html: 3
[2019-08-23 19:32:45] EDIT Shots_Manager/views/shots/status.html: 0
[2019-08-23 19:33:09] EDIT Shots_Manager/views/shots/status.html: 0
[2019-08-23 19:33:49] EDIT Shots_Manager/views/shots/status.html: 0
[2019-08-23 19:34:21] EDIT Shots_Manager/views/shots/status.html: 0
[2019-08-23 19:34:28] EDIT Shots_Manager/views/shots/status.html: 0
[2019-08-23 19:35:15] EDIT Shots_Manager/views/shots/status.html: 0
[2019-08-23 19:35:36] EDIT Shots_Manager/views/shots/status.html: 0
[2019-08-23 19:36:26] EDIT Shots_Manager/views/shots/status.html: -3
[2019-08-23 19:36:37] EDIT Shots_Manager/views/shots/status.html: -1
[2019-08-23 19:36:51] EDIT Shots_Manager/views/shots/status.html: 0
[2019-08-23 19:37:45] EDIT Shots_Manager/views/shots/status.html: 0
[2019-08-23 19:37:56] EDIT Shots_Manager/views/shots/status.html: 0
[2019-08-23 19:39:12] EDIT Shots_Manager/views/shots/status.html: 3
[2019-08-23 19:40:07] EDIT Shots_Manager/views/shots/status.html: 1
[2019-08-23 19:40:28] EDIT Shots_Manager/views/shots/status.html: -1
[2019-08-23 19:42:21] EDIT Shots_Manager/views/shots/status.html: 0
[2019-08-23 19:42:40] EDIT Shots_Manager/views/shots/status.html: 1
[2019-08-23 19:43:08] EDIT Shots_Manager/views/shots/status.html: 0
[2019-08-23 19:43:51] EDIT Shots_Manager/views/shots/status.html: 1
[2019-08-23 19:44:02] EDIT Shots_Manager/views/shots/status.html: 0
[2019-08-23 19:44:16] EDIT Shots_Manager/views/shots/status.html: 0
[2019-08-23 19:44:46] EDIT Shots_Manager/views/shots/status.html: 0
[2019-08-23 19:45:04] EDIT Shots_Manager/views/shots/status.html: 0
[2019-08-23 19:45:28] EDIT Shots_Manager/views/shots/status.html: 0
[2019-08-23 19:45:42] EDIT Shots_Manager/views/shots/status.html: 0
[2019-08-23 19:48:54] EDIT Shots_Manager/views/shots/status.html: 2
[2019-08-23 19:49:46] EDIT Shots_Manager/views/shots/status.html: 0
[2019-08-23 19:50:04] EDIT Shots_Manager/views/shots/status.html: -1
[2019-08-23 19:50:38] EDIT Shots_Manager/views/shots/status.html: 2
[2019-08-23 19:51:27] EDIT Shots_Manager/views/shots/status.html: 0
[2019-08-23 19:51:35] EDIT Shots_Manager/views/shots/status.html: -1
[2019-08-23 19:52:09] EDIT Shots_Manager/views/shots/status.html: 1
[2019-08-23 19:52:18] EDIT Shots_Manager/views/shots/status.html: 0
[2019-08-23 19:52:43] EDIT Shots_Manager/views/shots/status.html: 1
[2019-08-23 19:52:51] EDIT Shots_Manager/views/shots/status.html: -1
[2019-08-23 19:53:05] EDIT Shots_Manager/views/shots/status.html: 1
[2019-08-23 19:53:28] EDIT Shots_Manager/views/shots/status.html: 0
[2019-08-23 19:53:39] EDIT Shots_Manager/views/shots/status.html: 0
[2019-08-23 19:53:58] EDIT Shots_Manager/views/shots/status.html: 0
[2019-08-23 19:54:19] EDIT Shots_Manager/views/shots/status.html: 0
[2019-08-23 19:54:24] EDIT Shots_Manager/views/shots/status.html: 0
[2019-08-23 19:54:37] EDIT Shots_Manager/views/shots/status.html: 0
[2019-08-23 19:54:43] EDIT Shots_Manager/views/shots/status.html: 0
[2019-08-23 19:55:07] EDIT Shots_Manager/views/shots/status.html: 0
[2019-08-23 19:56:11] EDIT Shots_Manager/views/shots/status.html: 0
[2019-08-23 19:56:31] EDIT Shots_Manager/views/shots/status.html: 0
[2019-08-23 19:56:45] EDIT Shots_Manager/views/shots/status.html: 0
[2019-08-23 19:58:23] EDIT Shots_Manager/views/shots/status.html: 0
[2019-08-23 19:59:12] EDIT Shots_Manager/views/shots/status.html: 0
[2019-08-23 19:59:25] EDIT Shots_Manager/views/shots/status.html: 0
[2019-08-23 20:00:12] EDIT Shots_Manager/views/shots/status.html: 0
[2019-08-23 20:00:23] EDIT Shots_Manager/views/shots/status.html: 0
[2019-08-24 10:20:36] EDIT Shots_Manager/views/shots/status.html: 0
[2019-08-24 10:24:38] EDIT Shots_Manager/controllers/shots.py: 5
[2019-08-24 10:26:53] EDIT Shots_Manager/controllers/shots.py: 4
[2019-08-24 10:28:07] EDIT Shots_Manager/controllers/shots.py: 1
[2019-08-24 10:30:00] EDIT Shots_Manager/controllers/shots.py: 2
[2019-08-24 10:31:20] EDIT Shots_Manager/controllers/shots.py: -3
[2019-08-24 10:34:32] EDIT Shots_Manager/views/shots/status.html: 0
[2019-08-24 10:35:38] EDIT Shots_Manager/controllers/shots.py: 1
[2019-08-24 10:37:28] EDIT Shots_Manager/views/shots/status.html: 3
[2019-08-24 10:38:28] EDIT Shots_Manager/views/shots/status.html: 1
[2019-08-24 10:38:58] EDIT Shots_Manager/views/shots/status.html: -4
[2019-08-24 10:40:04] EDIT Shots_Manager/views/shots/status.html: 0
[2019-08-24 10:40:53] EDIT Shots_Manager/views/shots/status.html: 1
[2019-08-24 10:41:25] EDIT Shots_Manager/views/shots/status.html: -1
[2019-08-24 10:41:50] EDIT Shots_Manager/views/shots/status.html: 0
[2019-08-24 10:42:04] EDIT Shots_Manager/views/shots/status.html: 0
[2019-08-24 10:42:38] EDIT Shots_Manager/views/shots/status.html: 0
[2019-08-24 10:42:51] EDIT Shots_Manager/views/shots/status.html: 0
[2019-08-24 10:43:06] EDIT Shots_Manager/views/shots/status.html: 0
[2019-08-24 10:43:35] EDIT Shots_Manager/views/shots/status.html: 0
[2019-08-24 10:44:27] EDIT Shots_Manager/views/shots/status.html: 0
[2019-08-24 10:44:39] EDIT Shots_Manager/views/shots/status.html: 0
[2019-08-24 10:45:12] EDIT Shots_Manager/views/shots/status.html: 1
[2019-08-24 10:45:25] EDIT Shots_Manager/views/shots/status.html: 0
[2019-08-24 10:46:04] EDIT Shots_Manager/views/shots/status.html: 0
[2019-08-24 10:46:33] EDIT Shots_Manager/views/shots/status.html: 0
[2019-08-24 10:47:37] EDIT Shots_Manager/views/shots/status.html: 1
[2019-08-24 10:47:55] EDIT Shots_Manager/views/shots/status.html: 0
[2019-08-24 10:48:56] EDIT Shots_Manager/views/shots/status.html: 0
[2019-08-24 10:49:14] EDIT Shots_Manager/views/shots/status.html: 0
[2019-08-24 10:49:44] EDIT Shots_Manager/views/shots/status.html: 1
[2019-08-24 10:49:58] EDIT Shots_Manager/views/shots/status.html: 1
[2019-08-24 10:50:23] EDIT Shots_Manager/views/shots/status.html: 0
[2019-08-24 10:50:42] EDIT Shots_Manager/views/shots/status.html: 0
[2019-08-24 10:51:50] EDIT Shots_Manager/views/shots/status.html: 0
[2019-08-24 10:52:28] EDIT Shots_Manager/views/shots/status.html: 0
[2019-08-24 10:52:41] EDIT Shots_Manager/views/shots/status.html: 0
[2019-08-24 10:52:55] EDIT Shots_Manager/views/shots/status.html: 0
[2019-08-24 10:53:40] EDIT Shots_Manager/views/shots/status.html: -1
[2019-08-24 10:54:18] EDIT Shots_Manager/views/shots/status.html: 0
[2019-08-24 10:54:43] EDIT Shots_Manager/views/shots/status.html: 2
[2019-08-24 10:54:51] EDIT Shots_Manager/views/shots/status.html: -2
[2019-08-24 10:55:31] EDIT Shots_Manager/views/shots/status.html: 1
[2019-08-24 10:55:50] EDIT Shots_Manager/views/shots/status.html: 0
[2019-08-24 10:56:04] EDIT Shots_Manager/views/shots/status.html: 0
[2019-08-24 10:56:40] EDIT Shots_Manager/views/shots/status.html: 0
[2019-08-24 10:56:48] EDIT Shots_Manager/views/shots/status.html: 0
[2019-08-24 10:56:56] EDIT Shots_Manager/views/shots/status.html: 0
[2019-08-24 10:57:49] EDIT Shots_Manager/views/shots/status.html: 1
[2019-08-24 10:59:30] EDIT Shots_Manager/views/shots/status.html: -1
[2019-08-24 10:59:43] EDIT Shots_Manager/views/shots/status.html: 0
[2019-08-24 11:00:02] EDIT Shots_Manager/views/shots/status.html: 0
[2019-08-24 11:00:17] EDIT Shots_Manager/views/shots/status.html: -1
[2019-08-24 11:01:00] EDIT Shots_Manager/views/shots/status.html: 0
[2019-08-24 11:01:08] EDIT Shots_Manager/views/shots/status.html: 0
[2019-08-24 11:01:25] EDIT Shots_Manager/views/shots/status.html: 0
[2019-08-24 11:02:05] EDIT Shots_Manager/views/shots/status.html: 0
[2019-08-24 11:03:36] EDIT Shots_Manager/views/shots/status.html: 0
[2019-08-24 11:03:51] EDIT Shots_Manager/views/shots/status.html: 0
[2019-08-24 11:04:01] EDIT Shots_Manager/views/shots/status.html: 0
[2019-08-24 11:04:08] EDIT Shots_Manager/views/shots/status.html: 0
[2019-08-24 11:04:35] EDIT Shots_Manager/views/shots/status.html: 0
[2019-08-24 11:04:45] EDIT Shots_Manager/views/shots/status.html: 0
[2019-08-24 11:05:17] EDIT Shots_Manager/views/shots/status.html: 0
[2019-08-24 11:05:30] EDIT Shots_Manager/views/shots/status.html: 0
[2019-08-24 11:05:45] EDIT Shots_Manager/views/shots/status.html: 0
[2019-08-24 11:06:14] EDIT Shots_Manager/views/shots/status.html: 0
[2019-08-24 11:06:40] EDIT Shots_Manager/views/shots/status.html: 0
[2019-08-24 11:07:44] EDIT Shots_Manager/views/shots/status.html: 0
[2019-08-24 11:08:49] EDIT Shots_Manager/views/shots/status.html: 0
[2019-08-24 11:09:26] EDIT Shots_Manager/views/shots/status.html: 0
[2019-08-24 11:10:51] EDIT Shots_Manager/views/shots/status.html: 9
[2019-08-24 11:11:30] EDIT Shots_Manager/views/shots/status.html: 0
[2019-08-24 11:11:42] EDIT Shots_Manager/views/shots/status.html: 0
[2019-08-24 11:12:09] EDIT Shots_Manager/views/shots/status.html: 0
[2019-08-24 11:12:21] EDIT Shots_Manager/views/shots/status.html: 0
[2019-08-24 11:12:37] EDIT Shots_Manager/views/shots/status.html: 0
[2019-08-24 11:12:49] EDIT Shots_Manager/views/shots/status.html: 0
[2019-08-24 11:12:58] EDIT Shots_Manager/views/shots/status.html: 0
[2019-08-24 11:13:11] EDIT Shots_Manager/views/shots/status.html: 0
[2019-08-24 11:13:28] EDIT Shots_Manager/views/shots/status.html: 0
[2019-08-24 11:14:26] EDIT Shots_Manager/views/shots/status.html: 0
[2019-08-24 11:14:50] EDIT Shots_Manager/views/shots/status.html: 0
[2019-08-24 11:15:02] EDIT Shots_Manager/views/shots/status.html: 0
[2019-08-24 11:15:36] EDIT Shots_Manager/views/shots/status.html: 1
[2019-08-24 11:16:18] EDIT Shots_Manager/views/shots/status.html: -1
[2019-08-24 11:16:22] EDIT Shots_Manager/views/shots/status.html: 0
[2019-08-24 11:17:09] EDIT Shots_Manager/views/shots/status.html: 3
[2019-08-24 11:17:42] EDIT Shots_Manager/views/shots/status.html: 0
[2019-08-24 11:17:52] EDIT Shots_Manager/views/shots/status.html: -3
[2019-08-24 11:18:01] EDIT Shots_Manager/views/shots/status.html: 0
[2019-08-24 11:18:34] EDIT Shots_Manager/views/shots/status.html: 0
[2019-08-24 11:18:49] EDIT Shots_Manager/views/shots/status.html: 0
[2019-08-24 11:19:10] EDIT Shots_Manager/views/shots/status.html: 0
[2019-08-24 11:19:22] EDIT Shots_Manager/views/shots/status.html: 0
[2019-08-24 11:19:29] EDIT Shots_Manager/views/shots/status.html: 0
[2019-08-24 11:19:49] EDIT Shots_Manager/views/shots/status.html: 0
[2019-08-24 11:19:56] EDIT Shots_Manager/views/shots/status.html: 0
[2019-08-24 11:20:26] EDIT Shots_Manager/views/shots/status.html: 0
[2019-08-24 11:20:37] EDIT Shots_Manager/views/shots/status.html: 0
[2019-08-24 11:20:44] EDIT Shots_Manager/views/shots/status.html: 0
[2019-08-24 11:21:33] EDIT Shots_Manager/views/shots/status.html: 0
[2019-08-24 11:21:51] EDIT Shots_Manager/views/shots/status.html: 0
[2019-08-24 11:22:05] EDIT Shots_Manager/views/shots/status.html: 0
[2019-08-24 11:22:41] EDIT Shots_Manager/views/shots/status.html: 0
[2019-08-24 11:23:23] EDIT Shots_Manager/views/shots/status.html: 0
[2019-08-24 11:23:44] EDIT Shots_Manager/views/shots/status.html: 0
[2019-08-24 11:24:03] EDIT Shots_Manager/views/shots/status.html: 0
[2019-08-24 11:25:28] EDIT Shots_Manager/views/shots/status.html: 0
[2019-08-24 11:26:15] EDIT Shots_Manager/views/shots/status.html: 0
[2019-08-24 11:26:42] EDIT Shots_Manager/views/shots/status.html: 0
[2019-08-24 11:29:23] EDIT Shots_Manager/views/shots/status.html: 0
[2019-08-24 11:29:38] EDIT Shots_Manager/views/shots/status.html: 0
[2019-08-24 11:30:37] EDIT Shots_Manager/views/shots/status.html: 0
[2019-08-24 11:33:09] EDIT Shots_Manager/views/shots/status.html: 0
[2019-08-24 11:33:42] EDIT Shots_Manager/views/shots/status.html: 0
[2019-08-24 11:35:22] EDIT Shots_Manager/views/shots/status.html: 6
[2019-08-24 11:37:16] EDIT Shots_Manager/views/shots/status.html: 1
[2019-08-24 11:38:06] EDIT Shots_Manager/views/shots/status.html: 0
[2019-08-24 11:38:31] EDIT Shots_Manager/views/shots/status.html: 0
[2019-08-24 11:38:54] EDIT Shots_Manager/views/shots/status.html: 0
[2019-08-24 11:39:05] EDIT Shots_Manager/views/shots/status.html: 0
[2019-08-24 11:39:12] EDIT Shots_Manager/views/shots/status.html: 0
[2019-08-24 11:39:53] EDIT Shots_Manager/views/shots/status.html: 0
[2019-08-24 11:40:12] EDIT Shots_Manager/views/shots/status.html: 0
[2019-08-24 11:40:33] EDIT Shots_Manager/views/shots/status.html: 0
[2019-08-24 11:40:44] EDIT Shots_Manager/views/shots/status.html: 0
[2019-08-24 11:41:01] EDIT Shots_Manager/views/shots/status.html: 0
[2019-08-24 11:41:17] EDIT Shots_Manager/views/shots/status.html: 0
[2019-08-24 11:42:02] EDIT Shots_Manager/views/shots/status.html: 0
[2019-08-24 11:42:20] EDIT Shots_Manager/views/shots/status.html: 0
[2019-08-24 11:42:33] EDIT Shots_Manager/views/shots/status.html: 0
[2019-08-24 11:42:45] EDIT Shots_Manager/views/shots/status.html: 0
[2019-08-24 11:43:05] EDIT Shots_Manager/views/shots/status.html: 0
[2019-08-24 11:43:38] EDIT Shots_Manager/views/shots/status.html: 0
[2019-08-24 11:43:56] EDIT Shots_Manager/views/shots/status.html: 0
[2019-08-24 11:44:23] EDIT Shots_Manager/views/shots/status.html: 0
[2019-08-24 11:44:51] EDIT Shots_Manager/views/shots/status.html: 0
[2019-08-24 11:45:05] EDIT Shots_Manager/views/shots/status.html: 0
[2019-08-24 11:45:40] EDIT Shots_Manager/views/shots/status.html: 4
[2019-08-24 11:46:12] EDIT Shots_Manager/views/shots/status.html: 0
[2019-08-24 11:46:19] EDIT Shots_Manager/views/shots/status.html: 0
[2019-08-24 11:46:26] EDIT Shots_Manager/views/shots/status.html: 0
[2019-08-24 11:46:40] EDIT Shots_Manager/views/shots/status.html: 0
[2019-08-24 11:46:49] EDIT Shots_Manager/views/shots/status.html: 0
[2019-08-24 11:47:01] EDIT Shots_Manager/views/shots/status.html: 0
[2019-08-24 11:48:03] EDIT Shots_Manager/views/shots/status.html: 0
[2019-08-24 11:49:00] EDIT Shots_Manager/views/shots/status.html: 0
[2019-08-24 11:50:04] EDIT Shots_Manager/views/shots/status.html: 0
[2019-08-24 12:02:55] EDIT Shots_Manager/views/shots/status.html: 1
[2019-08-24 12:03:08] EDIT Shots_Manager/views/shots/status.html: 0
[2019-08-24 12:03:34] EDIT Shots_Manager/views/shots/status.html: 1
[2019-08-24 12:04:31] EDIT Shots_Manager/views/shots/status.html: 0
[2019-08-24 12:04:56] EDIT Shots_Manager/views/shots/status.html: 0
[2019-08-24 12:05:15] EDIT Shots_Manager/views/shots/status.html: 0
[2019-08-24 12:07:42] EDIT Shots_Manager/views/shots/status.html: 5
[2019-08-24 12:08:18] EDIT Shots_Manager/views/shots/status.html: 0
[2019-08-24 12:08:35] EDIT Shots_Manager/views/shots/status.html: 0
[2019-08-24 12:08:46] EDIT Shots_Manager/views/shots/status.html: -5
[2019-08-24 12:09:20] EDIT Shots_Manager/views/shots/status.html: 0
[2019-08-24 12:11:46] EDIT Shots_Manager/views/shots/status.html: 10
[2019-08-24 12:11:56] EDIT Shots_Manager/views/shots/status.html: -10
[2019-08-24 12:13:30] EDIT Shots_Manager/views/shots/status.html: 1
[2019-08-24 12:13:38] EDIT Shots_Manager/views/shots/status.html: -1
[2019-08-24 12:16:05] EDIT Shots_Manager/views/shots/status.html: -1
[2019-08-24 12:17:55] EDIT Shots_Manager/views/shots/status.html: 0
[2019-08-24 12:18:12] EDIT Shots_Manager/views/shots/status.html: 0
[2019-08-24 12:18:13] EDIT Shots_Manager/views/shots/status.html: 0
[2019-08-24 12:18:51] EDIT Shots_Manager/views/shots/status.html: 0
[2019-08-24 12:19:34] EDIT Shots_Manager/views/shots/status.html: 0
[2019-08-24 12:20:04] EDIT Shots_Manager/views/shots/status.html: 0
[2019-08-24 12:20:20] EDIT Shots_Manager/views/shots/status.html: 0
[2019-08-24 12:21:21] EDIT Shots_Manager/views/shots/status.html: 8
[2019-08-24 12:23:05] EDIT Shots_Manager/views/shots/status.html: 0
[2019-08-24 12:23:32] EDIT Shots_Manager/views/shots/status.html: 0
[2019-08-24 12:23:44] EDIT Shots_Manager/views/shots/status.html: 0
[2019-08-24 12:24:00] EDIT Shots_Manager/views/shots/status.html: 0
[2019-08-24 12:24:18] EDIT Shots_Manager/views/shots/status.html: -1
[2019-08-24 12:25:55] EDIT Shots_Manager/views/shots/status.html: 16
[2019-08-24 12:26:32] EDIT Shots_Manager/views/shots/status.html: 0
[2019-08-24 12:26:45] EDIT Shots_Manager/views/shots/status.html: 0
[2019-08-24 12:27:00] EDIT Shots_Manager/views/shots/status.html: 0
[2019-08-24 12:27:41] EDIT Shots_Manager/views/shots/status.html: 0
[2019-08-24 12:27:52] EDIT Shots_Manager/views/shots/status.html: 0
[2019-08-24 12:28:12] EDIT Shots_Manager/views/shots/status.html: -4
[2019-08-24 12:28:34] EDIT Shots_Manager/views/shots/status.html: 4
[2019-08-24 12:28:47] EDIT Shots_Manager/views/shots/status.html: 0
[2019-08-24 12:29:13] EDIT Shots_Manager/views/shots/status.html: 0
[2019-08-24 12:29:46] EDIT Shots_Manager/views/shots/status.html: 0
[2019-08-24 12:29:58] EDIT Shots_Manager/views/shots/status.html: 0
[2019-08-24 12:33:23] EDIT Shots_Manager/views/shots/status.html: 1
[2019-08-24 12:34:29] EDIT Shots_Manager/views/shots/status.html: -1
[2019-08-24 12:35:02] EDIT Shots_Manager/views/shots/status.html: -16
[2019-08-24 12:35:13] EDIT Shots_Manager/views/shots/status.html: 16
[2019-08-24 12:36:38] EDIT Shots_Manager/views/shots/status.html: 0
[2019-08-24 12:37:33] EDIT Shots_Manager/views/shots/status.html: 0
[2019-08-24 12:37:40] EDIT Shots_Manager/views/shots/status.html: 0
[2019-08-24 12:37:51] EDIT Shots_Manager/views/shots/status.html: 0
[2019-08-24 12:37:56] EDIT Shots_Manager/views/shots/status.html: 0
[2019-08-24 12:38:13] EDIT Shots_Manager/views/shots/status.html: 0
[2019-08-24 12:40:23] EDIT Shots_Manager/controllers/shots.py: 3
[2019-08-24 12:40:43] EDIT Shots_Manager/controllers/shots.py: 0
[2019-08-24 12:41:57] EDIT Shots_Manager/controllers/shots.py: -1
[2019-08-24 12:46:00] EDIT Shots_Manager/views/shots/status.html: 0
[2019-08-24 12:46:15] EDIT Shots_Manager/views/shots/status.html: 0
[2019-08-24 12:46:36] EDIT Shots_Manager/views/shots/status.html: 0
[2019-08-24 12:58:12] EDIT Shots_Manager/views/shots/status.html: 4
[2019-08-24 13:00:34] EDIT Shots_Manager/views/shots/status.html: 8
[2019-08-24 13:01:11] EDIT Shots_Manager/views/shots/status.html: 2
[2019-08-24 13:01:46] EDIT Shots_Manager/views/shots/status.html: -3
[2019-08-24 13:02:05] EDIT Shots_Manager/views/shots/status.html: 0
[2019-08-24 13:02:16] EDIT Shots_Manager/views/shots/status.html: -3
[2019-08-24 13:02:21] EDIT Shots_Manager/views/shots/status.html: -1
[2019-08-24 13:02:32] EDIT Shots_Manager/views/shots/status.html: 0
[2019-08-24 13:02:45] EDIT Shots_Manager/views/shots/status.html: -7
[2019-08-24 13:05:18] EDIT Shots_Manager/views/shots/status.html: 40
[2019-08-24 13:05:32] EDIT Shots_Manager/views/shots/status.html: -40
[2019-08-24 13:07:27] EDIT Shots_Manager/views/shots/status.html: 55
[2019-08-24 13:08:00] EDIT Shots_Manager/views/shots/status.html: -55
[2019-08-24 13:13:48] EDIT Shots_Manager/views/shots/status.html: 0
[2019-08-24 13:14:30] EDIT Shots_Manager/views/shots/status.html: 0
[2019-08-24 13:14:41] EDIT Shots_Manager/views/shots/status.html: 0
[2019-08-24 13:18:04] EDIT Shots_Manager/views/shots/status.html: 40
[2019-08-24 13:19:47] EDIT Shots_Manager/views/shots/status.html: 2
[2019-08-24 13:19:57] EDIT Shots_Manager/views/shots/status.html: 0
[2019-08-24 13:21:16] EDIT Shots_Manager/views/shots/status.html: -42
[2019-08-24 13:29:06] EDIT Shots_Manager/views/shots/status.html: 62
[2019-08-24 13:29:43] EDIT Shots_Manager/views/shots/status.html: 0
[2019-08-24 13:30:21] EDIT Shots_Manager/views/shots/status.html: 0
[2019-08-24 13:44:36] EDIT Shots_Manager/controllers/shots.py: 11
[2019-08-24 13:46:09] EDIT Shots_Manager/controllers/shots.py: 1
[2019-08-24 13:46:22] EDIT Shots_Manager/controllers/shots.py: 0
[2019-08-24 13:48:11] EDIT Shots_Manager/controllers/shots.py: -1
[2019-08-24 13:50:05] EDIT Shots_Manager/controllers/shots.py: 1
[2019-08-24 13:50:11] EDIT Shots_Manager/controllers/shots.py: 0
[2019-08-24 13:50:35] EDIT Shots_Manager/controllers/shots.py: 0
[2019-08-24 13:51:03] EDIT Shots_Manager/controllers/shots.py: 0
[2019-08-24 13:51:49] EDIT Shots_Manager/controllers/shots.py: 0
[2019-08-24 13:52:30] EDIT Shots_Manager/controllers/shots.py: 0
[2019-08-24 13:53:08] EDIT Shots_Manager/controllers/shots.py: -1
[2019-08-24 13:53:14] EDIT Shots_Manager/controllers/shots.py: -1
[2019-08-24 13:53:54] EDIT Shots_Manager/controllers/shots.py: 1
[2019-08-24 13:55:36] EDIT Shots_Manager/controllers/shots.py: 2
[2019-08-24 13:56:39] EDIT Shots_Manager/controllers/shots.py: -2
[2019-08-24 13:57:35] EDIT Shots_Manager/models/db.py: -1
[2019-08-24 13:58:17] EDIT Shots_Manager/controllers/shots.py: 2
[2019-08-24 13:58:47] EDIT Shots_Manager/models/db.py: 0
[2019-08-24 13:59:18] EDIT Shots_Manager/controllers/shots.py: 6
[2019-08-24 13:59:54] EDIT Shots_Manager/controllers/shots.py: 0
[2019-08-24 14:01:32] EDIT Shots_Manager/controllers/shots.py: 4
[2019-08-24 14:05:53] EDIT Shots_Manager/controllers/shots.py: 9
[2019-08-24 14:07:17] EDIT Shots_Manager/controllers/shots.py: 1
[2019-08-24 14:08:19] EDIT Shots_Manager/views/shots/status.html: 1
[2019-08-24 14:08:32] EDIT Shots_Manager/views/shots/status.html: 0
[2019-08-24 14:09:42] EDIT Shots_Manager/views/shots/status.html: -4
[2019-08-24 14:10:14] EDIT Shots_Manager/views/shots/status.html: 3
[2019-08-24 14:10:32] EDIT Shots_Manager/views/shots/status.html: 1
[2019-08-24 14:10:45] EDIT Shots_Manager/views/shots/status.html: -1
[2019-08-24 14:10:59] EDIT Shots_Manager/views/shots/status.html: 1
[2019-08-24 14:12:48] EDIT Shots_Manager/views/shots/status.html: 0
[2019-08-24 14:13:28] EDIT Shots_Manager/views/shots/status.html: 1
[2019-08-24 14:13:51] EDIT Shots_Manager/views/shots/status.html: 4
[2019-08-24 14:15:12] EDIT Shots_Manager/views/shots/status.html: 7
